{"meta": {"format": 3, "version": "7.12.0", "timestamp": "2026-04-10T00:40:19.876544", "branch_coverage": false, "show_contexts": false}, "files": {"src/ai_circus/__init__.py": {"executed_lines": [], "summary": {"covered_lines": 0, "num_statements": 0, "percent_covered": 100.0, "percent_covered_display": "100", "missing_lines": 0, "excluded_lines": 0, "percent_statements_covered": 100.0, "percent_statements_covered_display": "100"}, "missing_lines": [], "excluded_lines": [], "functions": {"": {"executed_lines": [], "summary": {"covered_lines": 0, "num_statements": 0, "percent_covered": 100.0, "percent_covered_display": "100", "missing_lines": 0, "excluded_lines": 0, "percent_statements_covered": 100.0, "percent_statements_covered_display": "100"}, "missing_lines": [], "excluded_lines": []}}, "classes": {"": {"executed_lines": [], "summary": {"covered_lines": 0, "num_statements": 0, "percent_covered": 100.0, "percent_covered_display": "100", "missing_lines": 0, "excluded_lines": 0, "percent_statements_covered": 100.0, "percent_statements_covered_display": "100"}, "missing_lines": [], "excluded_lines": []}}}, "src/ai_circus/core/__init__.py": {"executed_lines": [], "summary": {"covered_lines": 0, "num_statements": 0, "percent_covered": 100.0, "percent_covered_display": "100", "missing_lines": 0, "excluded_lines": 0, "percent_statements_covered": 100.0, "percent_statements_covered_display": "100"}, "missing_lines": [], "excluded_lines": [], "functions": {"": {"executed_lines": [], "summary": {"covered_lines": 0, "num_statements": 0, "percent_covered": 100.0, "percent_covered_display": "100", "missing_lines": 0, "excluded_lines": 0, "percent_statements_covered": 100.0, "percent_statements_covered_display": "100"}, "missing_lines": [], "excluded_lines": []}}, "classes": {"": {"executed_lines": [], "summary": {"covered_lines": 0, "num_statements": 0, "percent_covered": 100.0, "percent_covered_display": "100", "missing_lines": 0, "excluded_lines": 0, "percent_statements_covered": 100.0, "percent_statements_covered_display": "100"}, "missing_lines": [], "excluded_lines": []}}}, "src/ai_circus/core/info.py": {"executed_lines": [], "summary": {"covered_lines": 0, "num_statements": 57, "percent_covered": 0.0, "percent_covered_display": "0", "missing_lines": 57, "excluded_lines": 0, "percent_statements_covered": 0.0, "percent_statements_covered_display": "0"}, "missing_lines": [6, 8, 9, 10, 11, 12, 13, 14, 15, 16, 18, 19, 21, 23, 24, 27, 30, 33, 35, 38, 45, 46, 48, 49, 50, 53, 55, 56, 57, 58, 61, 63, 65, 66, 67, 68, 71, 72, 73, 76, 82, 83, 84, 86, 87, 88, 89, 90, 93, 100, 101, 102, 103, 104, 105, 108, 122], "excluded_lines": [], "functions": {"info_os": {"executed_lines": [], "summary": {"covered_lines": 0, "num_statements": 1, "percent_covered": 0.0, "percent_covered_display": "0", "missing_lines": 1, "excluded_lines": 0, "percent_statements_covered": 0.0, "percent_statements_covered_display": "0"}, "missing_lines": [35], "excluded_lines": []}, "info_software": {"executed_lines": [], "summary": {"covered_lines": 0, "num_statements": 5, "percent_covered": 0.0, "percent_covered_display": "0", "missing_lines": 5, "excluded_lines": 0, "percent_statements_covered": 0.0, "percent_statements_covered_display": "0"}, "missing_lines": [45, 46, 48, 49, 50], "excluded_lines": []}, "info_hardware": {"executed_lines": [], "summary": {"covered_lines": 0, "num_statements": 4, "percent_covered": 0.0, "percent_covered_display": "0", "missing_lines": 4, "excluded_lines": 0, "percent_statements_covered": 0.0, "percent_statements_covered_display": "0"}, "missing_lines": [55, 56, 57, 58], "excluded_lines": []}, "info_gpu": {"executed_lines": [], "summary": {"covered_lines": 0, "num_statements": 17, "percent_covered": 0.0, "percent_covered_display": "0", "missing_lines": 17, "excluded_lines": 0, "percent_statements_covered": 0.0, "percent_statements_covered_display": "0"}, "missing_lines": [63, 65, 66, 67, 68, 71, 72, 73, 76, 82, 83, 84, 86, 87, 88, 89, 90], "excluded_lines": []}, "info_system": {"executed_lines": [], "summary": {"covered_lines": 0, "num_statements": 6, "percent_covered": 0.0, "percent_covered_display": "0", "missing_lines": 6, "excluded_lines": 0, "percent_statements_covered": 0.0, "percent_statements_covered_display": "0"}, "missing_lines": [100, 101, 102, 103, 104, 105], "excluded_lines": []}, "get_memory_usage": {"executed_lines": [], "summary": {"covered_lines": 0, "num_statements": 1, "percent_covered": 0.0, "percent_covered_display": "0", "missing_lines": 1, "excluded_lines": 0, "percent_statements_covered": 0.0, "percent_statements_covered_display": "0"}, "missing_lines": [122], "excluded_lines": []}, "": {"executed_lines": [], "summary": {"covered_lines": 0, "num_statements": 23, "percent_covered": 0.0, "percent_covered_display": "0", "missing_lines": 23, "excluded_lines": 0, "percent_statements_covered": 0.0, "percent_statements_covered_display": "0"}, "missing_lines": [6, 8, 9, 10, 11, 12, 13, 14, 15, 16, 18, 19, 21, 23, 24, 27, 30, 33, 38, 53, 61, 93, 108], "excluded_lines": []}}, "classes": {"": {"executed_lines": [], "summary": {"covered_lines": 0, "num_statements": 57, "percent_covered": 0.0, "percent_covered_display": "0", "missing_lines": 57, "excluded_lines": 0, "percent_statements_covered": 0.0, "percent_statements_covered_display": "0"}, "missing_lines": [6, 8, 9, 10, 11, 12, 13, 14, 15, 16, 18, 19, 21, 23, 24, 27, 30, 33, 35, 38, 45, 46, 48, 49, 50, 53, 55, 56, 57, 58, 61, 63, 65, 66, 67, 68, 71, 72, 73, 76, 82, 83, 84, 86, 87, 88, 89, 90, 93, 100, 101, 102, 103, 104, 105, 108, 122], "excluded_lines": []}}}, "src/ai_circus/core/logger.py": {"executed_lines": [], "summary": {"covered_lines": 0, "num_statements": 60, "percent_covered": 0.0, "percent_covered_display": "0", "missing_lines": 60, "excluded_lines": 0, "percent_statements_covered": 0.0, "percent_statements_covered_display": "0"}, "missing_lines": [6, 8, 9, 10, 11, 13, 14, 17, 18, 19, 23, 30, 32, 36, 40, 43, 44, 45, 46, 47, 50, 68, 69, 70, 72, 75, 76, 77, 78, 79, 82, 85, 88, 89, 94, 95, 96, 97, 98, 99, 100, 102, 103, 106, 115, 118, 124, 125, 127, 128, 130, 136, 137, 139, 142, 143, 144, 145, 147, 148], "excluded_lines": [], "functions": {"configure_logger": {"executed_lines": [], "summary": {"covered_lines": 0, "num_statements": 22, "percent_covered": 0.0, "percent_covered_display": "0", "missing_lines": 22, "excluded_lines": 0, "percent_statements_covered": 0.0, "percent_statements_covered_display": "0"}, "missing_lines": [68, 69, 70, 72, 75, 76, 77, 78, 79, 82, 85, 88, 89, 94, 95, 96, 97, 98, 99, 100, 102, 103], "excluded_lines": []}, "get_logger": {"executed_lines": [], "summary": {"covered_lines": 0, "num_statements": 1, "percent_covered": 0.0, "percent_covered_display": "0", "missing_lines": 1, "excluded_lines": 0, "percent_statements_covered": 0.0, "percent_statements_covered_display": "0"}, "missing_lines": [115], "excluded_lines": []}, "_resolve_log_filepath": {"executed_lines": [], "summary": {"covered_lines": 0, "num_statements": 5, "percent_covered": 0.0, "percent_covered_display": "0", "missing_lines": 5, "excluded_lines": 0, "percent_statements_covered": 0.0, "percent_statements_covered_display": "0"}, "missing_lines": [124, 125, 127, 128, 130], "excluded_lines": []}, "": {"executed_lines": [], "summary": {"covered_lines": 0, "num_statements": 32, "percent_covered": 0.0, "percent_covered_display": "0", "missing_lines": 32, "excluded_lines": 0, "percent_statements_covered": 0.0, "percent_statements_covered_display": "0"}, "missing_lines": [6, 8, 9, 10, 11, 13, 14, 17, 18, 19, 23, 30, 32, 36, 40, 43, 44, 45, 46, 47, 50, 106, 118, 136, 137, 139, 142, 143, 144, 145, 147, 148], "excluded_lines": []}}, "classes": {"LoggerConfig": {"executed_lines": [], "summary": {"covered_lines": 0, "num_statements": 0, "percent_covered": 100.0, "percent_covered_display": "100", "missing_lines": 0, "excluded_lines": 0, "percent_statements_covered": 100.0, "percent_statements_covered_display": "100"}, "missing_lines": [], "excluded_lines": []}, "": {"executed_lines": [], "summary": {"covered_lines": 0, "num_statements": 60, "percent_covered": 0.0, "percent_covered_display": "0", "missing_lines": 60, "excluded_lines": 0, "percent_statements_covered": 0.0, "percent_statements_covered_display": "0"}, "missing_lines": [6, 8, 9, 10, 11, 13, 14, 17, 18, 19, 23, 30, 32, 36, 40, 43, 44, 45, 46, 47, 50, 68, 69, 70, 72, 75, 76, 77, 78, 79, 82, 85, 88, 89, 94, 95, 96, 97, 98, 99, 100, 102, 103, 106, 115, 118, 124, 125, 127, 128, 130, 136, 137, 139, 142, 143, 144, 145, 147, 148], "excluded_lines": []}}}, "src/ai_circus/models.py": {"executed_lines": [], "summary": {"covered_lines": 0, "num_statements": 57, "percent_covered": 0.0, "percent_covered_display": "0", "missing_lines": 57, "excluded_lines": 0, "percent_statements_covered": 0.0, "percent_statements_covered_display": "0"}, "missing_lines": [20, 22, 24, 25, 26, 27, 28, 31, 34, 35, 36, 37, 40, 43, 46, 49, 50, 51, 52, 53, 55, 58, 59, 60, 62, 63, 65, 66, 67, 69, 71, 72, 73, 76, 79, 105, 106, 107, 109, 110, 112, 114, 116, 118, 121, 122, 124, 132, 139, 145, 146, 147, 149, 150, 151, 156, 157], "excluded_lines": [], "functions": {"Settings.llm_model": {"executed_lines": [], "summary": {"covered_lines": 0, "num_statements": 3, "percent_covered": 0.0, "percent_covered_display": "0", "missing_lines": 3, "excluded_lines": 0, "percent_statements_covered": 0.0, "percent_statements_covered_display": "0"}, "missing_lines": [65, 66, 67], "excluded_lines": []}, "Settings.api_key": {"executed_lines": [], "summary": {"covered_lines": 0, "num_statements": 3, "percent_covered": 0.0, "percent_covered_display": "0", "missing_lines": 3, "excluded_lines": 0, "percent_statements_covered": 0.0, "percent_statements_covered_display": "0"}, "missing_lines": [71, 72, 73], "excluded_lines": []}, "get_llm": {"executed_lines": [], "summary": {"covered_lines": 0, "num_statements": 13, "percent_covered": 0.0, "percent_covered_display": "0", "missing_lines": 13, "excluded_lines": 0, "percent_statements_covered": 0.0, "percent_statements_covered_display": "0"}, "missing_lines": [105, 106, 107, 109, 110, 112, 114, 116, 118, 121, 122, 124, 132], "excluded_lines": []}, "get_embeddings": {"executed_lines": [], "summary": {"covered_lines": 0, "num_statements": 8, "percent_covered": 0.0, "percent_covered_display": "0", "missing_lines": 8, "excluded_lines": 0, "percent_statements_covered": 0.0, "percent_statements_covered_display": "0"}, "missing_lines": [145, 146, 147, 149, 150, 151, 156, 157], "excluded_lines": []}, "": {"executed_lines": [], "summary": {"covered_lines": 0, "num_statements": 30, "percent_covered": 0.0, "percent_covered_display": "0", "missing_lines": 30, "excluded_lines": 0, "percent_statements_covered": 0.0, "percent_statements_covered_display": "0"}, "missing_lines": [20, 22, 24, 25, 26, 27, 28, 31, 34, 35, 36, 37, 40, 43, 46, 49, 50, 51, 52, 53, 55, 58, 59, 60, 62, 63, 69, 76, 79, 139], "excluded_lines": []}}, "classes": {"Settings": {"executed_lines": [], "summary": {"covered_lines": 0, "num_statements": 6, "percent_covered": 0.0, "percent_covered_display": "0", "missing_lines": 6, "excluded_lines": 0, "percent_statements_covered": 0.0, "percent_statements_covered_display": "0"}, "missing_lines": [65, 66, 67, 71, 72, 73], "excluded_lines": []}, "Settings.Config": {"executed_lines": [], "summary": {"covered_lines": 0, "num_statements": 0, "percent_covered": 100.0, "percent_covered_display": "100", "missing_lines": 0, "excluded_lines": 0, "percent_statements_covered": 100.0, "percent_statements_covered_display": "100"}, "missing_lines": [], "excluded_lines": []}, "": {"executed_lines": [], "summary": {"covered_lines": 0, "num_statements": 51, "percent_covered": 0.0, "percent_covered_display": "0", "missing_lines": 51, "excluded_lines": 0, "percent_statements_covered": 0.0, "percent_statements_covered_display": "0"}, "missing_lines": [20, 22, 24, 25, 26, 27, 28, 31, 34, 35, 36, 37, 40, 43, 46, 49, 50, 51, 52, 53, 55, 58, 59, 60, 62, 63, 69, 76, 79, 105, 106, 107, 109, 110, 112, 114, 116, 118, 121, 122, 124, 132, 139, 145, 146, 147, 149, 150, 151, 156, 157], "excluded_lines": []}}}}, "totals": {"covered_lines": 0, "num_statements": 174, "percent_covered": 0.0, "percent_covered_display": "0", "missing_lines": 174, "excluded_lines": 0, "percent_statements_covered": 0.0, "percent_statements_covered_display": "0"}}